<?xml version="1.0" encoding="UTF-8"?>
<!-- Generated by org.testng.reporters.JUnitXMLReporter -->
<testsuite ignored="2" hostname="boom-Satellite-C850" failures="0" tests="3" name="GRP-Car" time="0.047" errors="0" timestamp="01 Nov 2018 12:44:30 GMT">
  <testcase classname="basics.testng.Grouping" name="car1" time="0.011"/>
  <testcase classname="basics.testng.Grouping" name="car2" time="0.001"/>
  <testcase classname="basics.testng.Grouping" name="sedan1" time="0.002"/>
  <testcase classname="basics.testng.Grouping" name="scooter2" time="0.0">
    <ignored/>
  </testcase> <!-- scooter2 -->
  <testcase classname="basics.testng.Grouping" name="scooter1" time="0.0">
    <ignored/>
  </testcase> <!-- scooter1 -->
</testsuite> <!-- GRP-Car -->
