<?xml version="1.0" encoding="UTF-8"?>
<!-- Generated by org.testng.reporters.JUnitXMLReporter -->
<testsuite ignored="3" hostname="boom-Satellite-C850" failures="0" tests="2" name="GRP-Scooter" time="0.083" errors="0" timestamp="01 Nov 2018 12:47:41 GMT">
  <testcase classname="basics.testng.Grouping" name="scooter1" time="0.019"/>
  <testcase classname="basics.testng.Grouping" name="scooter2" time="0.003"/>
  <testcase classname="basics.testng.Grouping" name="car2" time="0.0">
    <ignored/>
  </testcase> <!-- car2 -->
  <testcase classname="basics.testng.Grouping" name="sedan1" time="0.0">
    <ignored/>
  </testcase> <!-- sedan1 -->
  <testcase classname="basics.testng.Grouping" name="car1" time="0.0">
    <ignored/>
  </testcase> <!-- car1 -->
</testsuite> <!-- GRP-Scooter -->
